>>>>> no number of cores provided or running in environment unsupportive of parallelized testing, not running multiprocessing <<<<<
============================= test session starts ==============================
platform linux -- Python 3.7.2, pytest-4.5.0, py-1.8.0, pluggy-0.11.0
rootdir: /home/jrusnak/workspace/pytest_mproc
plugins: metadata-1.8.0, html-1.20.0, cov-2.7.1
collected 1005 items

###### INITIALIZE ############


test_mproc_runs.py ............................................................................................................................................................................................................................................................................................................................................................................................................................................................................................................................................................................................................................................................................................................................................................................................................................................................................................................................................................................................................................................F
###### FINALIZE ############



=================================== FAILURES ===================================
________________________________ test_some_alg3 ________________________________

    def test_some_alg3():
>       Something().some_alg3()

test_mproc_runs.py:46: 
_ _ _ _ _ _ _ _ _ _ _ _ _ _ _ _ _ _ _ _ _ _ _ _ _ _ _ _ _ _ _ _ _ _ _ _ _ _ _ _ 

self = <testcode.testsomething.Something object at 0x7f60fed84cf8>

    def some_alg3(self):
        to_be_run_under_test()
>       assert False
E       AssertionError

../testcode/testsomething.py:28: AssertionError
==================== 1 failed, 1004 passed in 3.06 seconds =====================
